{"file":"/Users/amirarifdjanov/Documents/hotel/internal/handlers/handlers.go:96","func":"github.com/Amir122002/hotel/internal/handlers.(*Handler).CheckToken.func1","level":"error","msg":"Токен не найден или истек","time":"2023-10-04T17:34:31+05:00"}
{"file":"/Users/amirarifdjanov/Documents/hotel/internal/handlers/handlers.go:90","func":"github.com/Amir122002/hotel/internal/handlers.(*Handler).CheckToken.func1","level":"error","msg":"Токен не найден или истек","time":"2023-10-04T18:40:33+05:00"}
{"file":"/Users/amirarifdjanov/Documents/hotel/internal/handlers/handlers.go:90","func":"github.com/Amir122002/hotel/internal/handlers.(*Handler).CheckToken.func1","level":"error","msg":"Токен не найден или истек","time":"2023-10-04T18:40:37+05:00"}
{"file":"/Users/amirarifdjanov/Documents/hotel/internal/handlers/handlers.go:106","func":"github.com/Amir122002/hotel/internal/handlers.(*Handler).EnterSystem","level":"error","msg":"Вы не закончили работу!","time":"2023-10-04T18:49:35+05:00"}
{"file":"/Users/amirarifdjanov/Documents/hotel/internal/handlers/handlers.go:62","func":"github.com/Amir122002/hotel/internal/handlers.(*Handler).Registration","level":"error","msg":"Не верный логин или пароль","time":"2023-10-08T17:59:45+05:00"}
{"file":"/Users/amirarifdjanov/Documents/hotel/internal/handlers/handlers.go:90","func":"github.com/Amir122002/hotel/internal/handlers.(*Handler).CheckToken.func1","level":"error","msg":"Токен не найден или истек","time":"2023-10-09T10:13:51+05:00"}
{"file":"/Users/amirarifdjanov/Documents/hotel/internal/handlers/handlers.go:237","func":"github.com/Amir122002/hotel/internal/handlers.(*Handler).DeleteClient","level":"error","msg":"ERROR: syntax error at or near \"where\" (SQLSTATE 42601)","time":"2023-10-09T10:20:32+05:00"}
{"file":"/Users/amirarifdjanov/Documents/hotel/internal/handlers/handlers.go:90","func":"github.com/Amir122002/hotel/internal/handlers.(*Handler).CheckToken.func1","level":"error","msg":"Токен не найден или истек","time":"2023-10-09T13:24:19+05:00"}
{"file":"/Users/amirarifdjanov/Documents/hotel/internal/handlers/handlers.go:237","func":"github.com/Amir122002/hotel/internal/handlers.(*Handler).DeleteClient","level":"error","msg":"ERROR: column \"user_id\" does not exist (SQLSTATE 42703)","time":"2023-10-09T13:24:35+05:00"}
{"file":"/Users/amirarifdjanov/Documents/hotel/internal/handlers/handlers.go:237","func":"github.com/Amir122002/hotel/internal/handlers.(*Handler).DeleteClient","level":"error","msg":"ERROR: insert or update on table \"bill\" violates foreign key constraint \"bill_user_id_fkey\" (SQLSTATE 23503)","time":"2023-10-09T13:26:39+05:00"}
{"file":"/Users/amirarifdjanov/Documents/hotel/internal/handlers/handlers.go:260","func":"github.com/Amir122002/hotel/internal/handlers.(*Handler).TableReservation","level":"error","msg":"Этот стол уже забронирован! ","time":"2023-10-09T13:57:34+05:00"}
{"file":"/Users/amirarifdjanov/Documents/hotel/internal/handlers/handlers.go:260","func":"github.com/Amir122002/hotel/internal/handlers.(*Handler).TableReservation","level":"error","msg":"Этот стол уже забронирован! ","time":"2023-10-09T13:58:01+05:00"}
{"file":"/Users/amirarifdjanov/Documents/hotel/internal/handlers/handlers.go:260","func":"github.com/Amir122002/hotel/internal/handlers.(*Handler).TableReservation","level":"error","msg":"Этот стол уже забронирован! ","time":"2023-10-09T13:59:12+05:00"}
{"file":"/Users/amirarifdjanov/Documents/hotel/internal/handlers/handlers.go:260","func":"github.com/Amir122002/hotel/internal/handlers.(*Handler).TableReservation","level":"error","msg":"Этот стол уже забронирован! ","time":"2023-10-09T13:59:24+05:00"}
{"file":"/Users/amirarifdjanov/Documents/hotel/internal/handlers/handlers.go:263","func":"github.com/Amir122002/hotel/internal/handlers.(*Handler).TableReservation","level":"error","msg":"Этот стол уже забронирован! ","time":"2023-10-09T14:01:09+05:00"}
{"file":"/Users/amirarifdjanov/Documents/hotel/internal/handlers/handlers.go:263","func":"github.com/Amir122002/hotel/internal/handlers.(*Handler).TableReservation","level":"error","msg":"Этот стол уже забронирован! ","time":"2023-10-09T14:01:45+05:00"}
{"file":"/Users/amirarifdjanov/Documents/hotel/internal/handlers/handlers.go:198","func":"github.com/Amir122002/hotel/internal/handlers.(*Handler).ReadClient","level":"error","msg":"Такого клиента нет! ","time":"2023-10-09T14:08:43+05:00"}
{"file":"/Users/amirarifdjanov/Documents/hotel/internal/handlers/handlers.go:198","func":"github.com/Amir122002/hotel/internal/handlers.(*Handler).ReadClient","level":"error","msg":"Такого клиента нет! ","time":"2023-10-09T14:08:48+05:00"}
{"file":"/Users/amirarifdjanov/Documents/hotel/internal/handlers/handlers.go:73","func":"github.com/Amir122002/hotel/internal/handlers.(*Handler).GetToken","level":"error","msg":"crypto/bcrypt: hashedPassword is not the hash of the given password","time":"2023-10-09T14:09:07+05:00"}
{"file":"/Users/amirarifdjanov/Documents/hotel/internal/handlers/handlers.go:73","func":"github.com/Amir122002/hotel/internal/handlers.(*Handler).GetToken","level":"error","msg":"crypto/bcrypt: hashedPassword is not the hash of the given password","time":"2023-10-09T14:09:56+05:00"}
{"file":"/Users/amirarifdjanov/Documents/hotel/internal/handlers/handlers.go:142","func":"github.com/Amir122002/hotel/internal/handlers.(*Handler).ReadHotelRoom","level":"error","msg":"Работник не начил смену ","time":"2023-10-09T15:16:18+05:00"}
{"file":"/Users/amirarifdjanov/Documents/hotel/internal/handlers/handlers.go:142","func":"github.com/Amir122002/hotel/internal/handlers.(*Handler).ReadHotelRoom","level":"error","msg":"Работник не начил смену ","time":"2023-10-09T15:17:31+05:00"}
{"file":"/Users/amirarifdjanov/Documents/hotel/internal/handlers/handlers.go:146","func":"github.com/Amir122002/hotel/internal/handlers.(*Handler).ReadHotelRoom","level":"error","msg":"Работник не начил смену ","time":"2023-10-09T15:18:06+05:00"}
{"file":"/Users/amirarifdjanov/Documents/hotel/internal/handlers/handlers.go:146","func":"github.com/Amir122002/hotel/internal/handlers.(*Handler).ReadHotelRoom","level":"error","msg":"Работник не начил смену ","time":"2023-10-09T15:18:23+05:00"}
{"file":"/Users/amirarifdjanov/Documents/hotel/internal/handlers/handlers.go:146","func":"github.com/Amir122002/hotel/internal/handlers.(*Handler).ReadHotelRoom","level":"error","msg":"Работник не начил смену ","time":"2023-10-09T15:19:13+05:00"}
{"file":"/Users/amirarifdjanov/Documents/hotel/internal/handlers/handlers.go:146","func":"github.com/Amir122002/hotel/internal/handlers.(*Handler).ReadHotelRoom","level":"error","msg":"ERROR: syntax error at or near \"order\" (SQLSTATE 42601)","time":"2023-10-09T15:21:42+05:00"}
{"file":"/Users/amirarifdjanov/Documents/hotel/internal/handlers/handlers.go:284","func":"github.com/Amir122002/hotel/internal/handlers.(*Handler).ReadTableReservation","level":"error","msg":"У вас не доступа! ","time":"2023-10-09T15:34:42+05:00"}
{"file":"/Users/amirarifdjanov/Documents/hotel/internal/handlers/handlers.go:257","func":"github.com/Amir122002/hotel/internal/handlers.(*Handler).TableReservation","level":"error","msg":"Этот стол уже забронирован! ","time":"2023-10-09T15:39:44+05:00"}
{"file":"/Users/amirarifdjanov/Documents/hotel/internal/handlers/handlers.go:339","func":"github.com/Amir122002/hotel/internal/handlers.(*Handler).ReadTaxiOrdering","level":"error","msg":"expected 0 arguments, got 2","time":"2023-10-09T15:44:37+05:00"}
{"file":"/Users/amirarifdjanov/Documents/hotel/internal/handlers/handlers.go:339","func":"github.com/Amir122002/hotel/internal/handlers.(*Handler).ReadTaxiOrdering","level":"error","msg":"expected 0 arguments, got 2","time":"2023-10-09T15:45:20+05:00"}
